{
  message: 'Server is running on port 3000',
  level: 'info',
  label: 'winston custom format',
  timestamp: 'Mar-28-2024 18:04:03'
}
{
  message: 'Server is running on port 3000',
  level: 'info',
  label: 'winston custom format',
  timestamp: 'Mar-28-2024 18:10:12'
}
{
  message: 'Server is running on port 3000',
  level: 'info',
  label: 'winston custom format',
  timestamp: 'Mar-28-2024 18:11:32'
}
{
  message: 'Server is running on port 3000',
  level: 'info',
  label: 'winston custom format',
  timestamp: 'Mar-28-2024 18:12:14'
}
{
  message: 'Server is running on port 3000',
  level: 'info',
  label: 'winston custom format',
  timestamp: 'Mar-28-2024 18:12:21'
}
{
  message: 'Server is running on port 3000',
  level: 'info',
  label: 'winston custom format',
  timestamp: 'Mar-28-2024 18:14:06'
}
{
  message: 'Server is running on port 3000',
  level: 'info',
  label: 'winston custom format',
  timestamp: 'Mar-28-2024 18:15:09'
}
{
  message: 'Server is running on port 3000',
  level: 'info',
  label: 'winston custom format',
  timestamp: 'Mar-29-2024 12:04:55'
}
{
  message: 'Server is running on port 3000',
  level: 'info',
  label: 'winston custom format',
  timestamp: 'Mar-29-2024 12:06:08'
}
{
  message: 'Server is running on port 3000',
  level: 'info',
  label: 'winston custom format',
  timestamp: 'Mar-29-2024 12:06:50'
}
{
  message: 'Server is running on port 3000',
  level: 'info',
  label: 'winston custom format',
  timestamp: 'Mar-29-2024 12:14:48'
}
{
  message: 'Server is running on port 3000',
  level: 'info',
  label: 'winston custom format',
  timestamp: 'Mar-29-2024 12:15:29'
}
{
  message: 'Server is running on port 3000',
  level: 'info',
  label: 'winston custom format',
  timestamp: 'Mar-29-2024 12:16:24'
}
{
  message: 'Server is running on port 3000',
  level: 'info',
  label: 'winston custom format',
  timestamp: 'Mar-29-2024 12:16:47'
}
{
  message: 'Server is running on port 3000',
  level: 'info',
  label: 'winston custom format',
  timestamp: 'Mar-29-2024 12:26:43'
}
{
  message: 'Server is running on port 3000',
  level: 'info',
  label: 'winston custom format',
  timestamp: 'Mar-29-2024 12:30:38'
}
{
  message: 'Server is running on port 3000',
  level: 'info',
  label: 'winston custom format',
  timestamp: 'Mar-29-2024 12:30:55'
}
{
  message: 'Server is running on port 3000',
  level: 'info',
  label: 'winston custom format',
  timestamp: 'Mar-29-2024 12:32:21'
}
{
  message: 'Server is running on port 3000',
  level: 'info',
  label: 'winston custom format',
  timestamp: 'Mar-29-2024 12:32:35'
}
{
  message: 'Server is running on port 3000',
  level: 'info',
  label: 'winston custom format',
  timestamp: 'Mar-29-2024 12:33:49'
}
{
  message: 'Server is running on port 3000',
  level: 'info',
  label: 'winston custom format',
  timestamp: 'Mar-29-2024 12:34:42'
}
{
  message: 'Server is running on port 3000',
  level: 'info',
  label: 'winston custom format',
  timestamp: 'Mar-29-2024 12:35:43'
}
{
  message: 'Server is running on port 3000',
  level: 'info',
  label: 'winston custom format',
  timestamp: 'Mar-29-2024 12:36:16'
}
{
  message: 'Server is running on port 3000',
  level: 'info',
  label: 'winston custom format',
  timestamp: 'Mar-29-2024 12:36:25'
}
{
  message: 'Server is running on port 3000',
  level: 'info',
  label: 'winston custom format',
  timestamp: 'Mar-29-2024 12:37:13'
}
{
  message: 'Server is running on port 3000',
  level: 'info',
  label: 'winston custom format',
  timestamp: 'Mar-29-2024 12:37:17'
}
{
  message: 'Server is running on port 3000',
  level: 'info',
  label: 'winston custom format',
  timestamp: 'Mar-29-2024 12:37:52'
}
{
  message: 'Server is running on port 3000',
  level: 'info',
  label: 'winston custom format',
  timestamp: 'Mar-29-2024 12:38:10'
}
{
  message: 'Server is running on port 3000',
  level: 'info',
  label: 'winston custom format',
  timestamp: 'Mar-29-2024 12:39:32'
}
{
  message: 'Server is running on port 3000',
  level: 'info',
  label: 'winston custom format',
  timestamp: 'Mar-29-2024 12:44:03'
}
